<?xml version="1.0" encoding="UTF-8"?>
<!-- Generated by org.testng.reporters.JUnitXMLReporter -->
<testsuite ignored="0" hostname="DESKTOP-83C1RSU" failures="2" tests="7" name="POMframework" time="134.17" errors="0" timestamp="2024-01-18T18:47:24 IST">
  <testcase classname="testPages.SignInPage_Test" name="testmultipleLogin" time="25.473"/>
  <testcase classname="testPages.SignInPage_Test" name="testmultipleLogin" time="16.258">
    <skipped/>
  </testcase> <!-- testmultipleLogin -->
  <testcase classname="testPages.SignInPage_Test" name="testmultipleLogin" time="13.476">
    <skipped/>
  </testcase> <!-- testmultipleLogin -->
  <testcase classname="testPages.SignInPage_Test" name="testmultipleLogin" time="17.084">
    <failure type="java.lang.AssertionError" message="Logout is not possible ,Not a browser issue try with valid credentials - Hence Unsuccessful SignIn">
      <![CDATA[java.lang.AssertionError: Logout is not possible ,Not a browser issue try with valid credentials - Hence Unsuccessful SignIn
at testPages.SignInPage_Test.testmultipleLogin(SignInPage_Test.java:36)
at java.base/java.util.ArrayList.forEach(ArrayList.java:1511)
... Removed 28 stack frames]]>
    </failure>
  </testcase> <!-- testmultipleLogin -->
  <testcase classname="testPages.SignInPage_Test" name="testmultipleLogin" time="11.742">
    <skipped/>
  </testcase> <!-- testmultipleLogin -->
  <testcase classname="testPages.SignInPage_Test" name="testmultipleLogin" time="14.287">
    <skipped/>
  </testcase> <!-- testmultipleLogin -->
  <testcase classname="testPages.SignInPage_Test" name="testmultipleLogin" time="13.815">
    <failure type="java.lang.AssertionError" message="Logout is not possible ,Not a browser issue try with valid credentials - Hence Unsuccessful SignIn">
      <![CDATA[java.lang.AssertionError: Logout is not possible ,Not a browser issue try with valid credentials - Hence Unsuccessful SignIn
at testPages.SignInPage_Test.testmultipleLogin(SignInPage_Test.java:36)
at java.base/java.util.ArrayList.forEach(ArrayList.java:1511)
... Removed 28 stack frames]]>
    </failure>
  </testcase> <!-- testmultipleLogin -->
</testsuite> <!-- POMframework -->
